<?xml version="1.0" encoding="UTF-8"?>
<!-- Generated by org.testng.reporters.JUnitReportReporter -->
<testsuite skipped="0" hostname="Manikanta" name="src.com.test.Test_ID_14_Google" tests="1" failures="0" timestamp="07 Apr 2021 16:10:23 GMT" time="0.667" errors="0">
  <testcase name="RR_140" time="0.667" classname="src.com.test.Test_ID_14_Google"/>
</testsuite> <!-- src.com.test.Test_ID_14_Google -->
